<?xml version="1.0" encoding="UTF-8"?>
<!-- Generated by org.testng.reporters.JUnitXMLReporter -->
<testsuite ignored="0" hostname="LAPTOP-NG2CBHTA" failures="1" tests="1" name="HomePage Test" time="3.905" errors="0" timestamp="2025-08-12T12:36:09 IST">
  <testcase classname="tests.OpenCartHomePageTest" name="openHomePageAndVerifyTitle" time="0.746">
    <failure type="java.lang.AssertionError" message="Title did not contain expected text expected [true] but found [false]">
      <![CDATA[java.lang.AssertionError: Title did not contain expected text expected [true] but found [false]
at tests.OpenCartHomePageTest.openHomePageAndVerifyTitle(OpenCartHomePageTest.java:30)
at java.base/java.util.ArrayList.forEach(ArrayList.java:1511)
... Removed 30 stack frames]]>
    </failure>
  </testcase> <!-- openHomePageAndVerifyTitle -->
</testsuite> <!-- HomePage Test -->
